<?xml version="1.0" encoding="UTF-8"?>
<testng-results ignored="0" total="2" passed="2" failed="0" skipped="0">
  <reporter-output>
  </reporter-output>
  <suite started-at="2023-05-01T14:07:26 IST" name="Suite" finished-at="2023-05-01T14:07:26 IST" duration-ms="60">
    <groups>
    </groups>
    <test started-at="2023-05-01T14:07:26 IST" name="Test" finished-at="2023-05-01T14:07:26 IST" duration-ms="60">
      <class name="testNg.testNg2">
        <test-method is-config="true" signature="beforeTest()[pri:0, instance:testNg.testNg2@76b1e9b8]" started-at="2023-05-01T14:07:26 IST" name="beforeTest" finished-at="2023-05-01T14:07:26 IST" duration-ms="0" status="PASS">
          <reporter-output>
          </reporter-output>
        </test-method> <!-- beforeTest -->
        <test-method is-config="true" signature="beforeClass()[pri:0, instance:testNg.testNg2@76b1e9b8]" started-at="2023-05-01T14:07:26 IST" name="beforeClass" finished-at="2023-05-01T14:07:26 IST" duration-ms="0" status="PASS">
          <reporter-output>
          </reporter-output>
        </test-method> <!-- beforeClass -->
        <test-method is-config="true" signature="beforeMethod()[pri:0, instance:testNg.testNg2@76b1e9b8]" started-at="2023-05-01T14:07:26 IST" name="beforeMethod" finished-at="2023-05-01T14:07:26 IST" duration-ms="0" status="PASS">
          <reporter-output>
          </reporter-output>
        </test-method> <!-- beforeMethod -->
        <test-method signature="test()[pri:0, instance:testNg.testNg2@76b1e9b8]" started-at="2023-05-01T14:07:26 IST" name="test" finished-at="2023-05-01T14:07:26 IST" duration-ms="5" status="PASS">
          <reporter-output>
          </reporter-output>
        </test-method> <!-- test -->
        <test-method is-config="true" signature="AfterMethod()[pri:0, instance:testNg.testNg2@76b1e9b8]" started-at="2023-05-01T14:07:26 IST" name="AfterMethod" finished-at="2023-05-01T14:07:26 IST" duration-ms="0" status="PASS">
          <reporter-output>
          </reporter-output>
        </test-method> <!-- AfterMethod -->
        <test-method is-config="true" signature="afterClass()[pri:0, instance:testNg.testNg2@76b1e9b8]" started-at="2023-05-01T14:07:26 IST" name="afterClass" finished-at="2023-05-01T14:07:26 IST" duration-ms="0" status="PASS">
          <reporter-output>
          </reporter-output>
        </test-method> <!-- afterClass -->
        <test-method is-config="true" signature="AfterTest()[pri:0, instance:testNg.testNg2@76b1e9b8]" started-at="2023-05-01T14:07:26 IST" name="AfterTest" finished-at="2023-05-01T14:07:26 IST" duration-ms="0" status="PASS">
          <reporter-output>
          </reporter-output>
        </test-method> <!-- AfterTest -->
      </class> <!-- testNg.testNg2 -->
      <class name="testNg.testNg1">
        <test-method is-config="true" signature="beforeSuite()[pri:0, instance:testNg.testNg1@1ca3b418]" started-at="2023-05-01T14:07:26 IST" name="beforeSuite" finished-at="2023-05-01T14:07:26 IST" duration-ms="12" status="PASS">
          <reporter-output>
          </reporter-output>
        </test-method> <!-- beforeSuite -->
        <test-method is-config="true" signature="beforeTest()[pri:0, instance:testNg.testNg1@1ca3b418]" started-at="2023-05-01T14:07:26 IST" name="beforeTest" finished-at="2023-05-01T14:07:26 IST" duration-ms="1" status="PASS">
          <reporter-output>
          </reporter-output>
        </test-method> <!-- beforeTest -->
        <test-method is-config="true" signature="beforeClass()[pri:0, instance:testNg.testNg1@1ca3b418]" started-at="2023-05-01T14:07:26 IST" name="beforeClass" finished-at="2023-05-01T14:07:26 IST" duration-ms="1" status="PASS">
          <reporter-output>
          </reporter-output>
        </test-method> <!-- beforeClass -->
        <test-method is-config="true" signature="beforeMethod()[pri:0, instance:testNg.testNg1@1ca3b418]" started-at="2023-05-01T14:07:26 IST" name="beforeMethod" finished-at="2023-05-01T14:07:26 IST" duration-ms="0" status="PASS">
          <reporter-output>
          </reporter-output>
        </test-method> <!-- beforeMethod -->
        <test-method signature="test()[pri:0, instance:testNg.testNg1@1ca3b418]" started-at="2023-05-01T14:07:26 IST" name="test" finished-at="2023-05-01T14:07:26 IST" duration-ms="1" status="PASS">
          <reporter-output>
          </reporter-output>
        </test-method> <!-- test -->
        <test-method is-config="true" signature="AfterMethod()[pri:0, instance:testNg.testNg1@1ca3b418]" started-at="2023-05-01T14:07:26 IST" name="AfterMethod" finished-at="2023-05-01T14:07:26 IST" duration-ms="0" status="PASS">
          <reporter-output>
          </reporter-output>
        </test-method> <!-- AfterMethod -->
        <test-method is-config="true" signature="afterClass()[pri:0, instance:testNg.testNg1@1ca3b418]" started-at="2023-05-01T14:07:26 IST" name="afterClass" finished-at="2023-05-01T14:07:26 IST" duration-ms="0" status="PASS">
          <reporter-output>
          </reporter-output>
        </test-method> <!-- afterClass -->
        <test-method is-config="true" signature="AfterTest()[pri:0, instance:testNg.testNg1@1ca3b418]" started-at="2023-05-01T14:07:26 IST" name="AfterTest" finished-at="2023-05-01T14:07:26 IST" duration-ms="0" status="PASS">
          <reporter-output>
          </reporter-output>
        </test-method> <!-- AfterTest -->
        <test-method is-config="true" signature="afterSuite()[pri:0, instance:testNg.testNg1@1ca3b418]" started-at="2023-05-01T14:07:26 IST" name="afterSuite" finished-at="2023-05-01T14:07:26 IST" duration-ms="0" status="PASS">
          <reporter-output>
          </reporter-output>
        </test-method> <!-- afterSuite -->
      </class> <!-- testNg.testNg1 -->
    </test> <!-- Test -->
  </suite> <!-- Suite -->
</testng-results>
